ď»ż
> sipwar@0.1.0 build
> next build

Î“Ă»â–“ Next.js 16.2.2 (Turbopack)
- Environments: .env.local

  Creating an optimized production build ...
Î“ÂŁĂ´ Compiled successfully in 8.9s
  Running TypeScript ...
  Finished TypeScript in 10.4s ...
  Collecting page data using 7 workers ...
  Generating static pages using 7 workers (0/34) ...
  Generating static pages using 7 workers (8/34) 
  Generating static pages using 7 workers (16/34) 
  Generating static pages using 7 workers (25/34) 
Î“ÂŁĂ´ Generating static pages using 7 workers (34/34) in 1068ms
  Finalizing page optimization ...

Route (app)
Î“Ă¶Ă® Î“ĂąĂŻ /
Î“Ă¶ÂŁ Î“ĂąĂŻ /_not-found
Î“Ă¶ÂŁ Î“ĂąĂŻ /about
Î“Ă¶ÂŁ â•žĂ† /account
Î“Ă¶ÂŁ Î“ĂąĂŻ /account/orders
Î“Ă¶ÂŁ Î“ĂąĂŻ /account/settings
Î“Ă¶ÂŁ Î“ĂąĂŻ /account/wishlist
Î“Ă¶ÂŁ Î“ĂąĂŻ /admin
Î“Ă¶ÂŁ Î“ĂąĂŻ /admin-login
Î“Ă¶ÂŁ Î“ĂąĂŻ /admin/orders
Î“Ă¶ÂŁ â•žĂ† /api/admin/orders
Î“Ă¶ÂŁ â•žĂ† /api/admin/stats
Î“Ă¶ÂŁ â•žĂ† /api/auth/[...nextauth]
Î“Ă¶ÂŁ â•žĂ† /api/auth/forgot-password
Î“Ă¶ÂŁ â•žĂ† /api/auth/reset-password
Î“Ă¶ÂŁ â•žĂ† /api/auth/signup
Î“Ă¶ÂŁ â•žĂ† /api/orders
Î“Ă¶ÂŁ â•žĂ† /api/orders/verify
Î“Ă¶ÂŁ â•žĂ† /api/products
Î“Ă¶ÂŁ â•žĂ† /api/user/orders
Î“Ă¶ÂŁ â•žĂ† /api/user/orders/[id]/cancel
Î“Ă¶ÂŁ â•žĂ† /api/user/profile
Î“Ă¶ÂŁ â•žĂ† /api/user/stats
Î“Ă¶ÂŁ â•žĂ† /api/user/wishlist
Î“Ă¶ÂŁ Î“ĂąĂŻ /blog
Î“Ă¶ÂŁ Î“ĂąĂŻ /blog/coffee-processing-methods
Î“Ă¶ÂŁ Î“ĂąĂŻ /blog/farmers-of-baba-budangiri
Î“Ă¶ÂŁ Î“ĂąĂŻ /cart
Î“Ă¶ÂŁ Î“ĂąĂŻ /checkout
Î“Ă¶ÂŁ Î“ĂąĂŻ /forgot-password
Î“Ă¶ÂŁ Î“ĂąĂŻ /login
Î“Ă¶ÂŁ Î“ĂąĂŻ /order-success
Î“Ă¶ÂŁ Î“ĂąĂŻ /products
Î“Ă¶ÂŁ â•žĂ† /products/[id]
Î“Ă¶ÂŁ â•žĂ† /reset-password/[token]
Î“Ă¶Ă¶ Î“ĂąĂŻ /signup


â•žĂ† Proxy (Middleware)

Î“ĂąĂŻ  (Static)   prerendered as static content
â•žĂ†  (Dynamic)  server-rendered on demand

